{"/Users/gongzhen/code/me/jest-example/src/example-01/storage.ts": {"path":"/Users/gongzhen/code/me/jest-example/src/example-01/storage.ts","all":false,"statementMap":{"0":{"start":{"line":1,"column":0},"end":{"line":1,"column":29}},"1":{"start":{"line":2,"column":0},"end":{"line":2,"column":0}},"2":{"start":{"line":3,"column":0},"end":{"line":3,"column":47}},"3":{"start":{"line":4,"column":0},"end":{"line":4,"column":46}},"4":{"start":{"line":5,"column":0},"end":{"line":5,"column":2}},"5":{"start":{"line":6,"column":0},"end":{"line":6,"column":0}},"6":{"start":{"line":7,"column":0},"end":{"line":7,"column":41}},"7":{"start":{"line":8,"column":0},"end":{"line":8,"column":47}},"8":{"start":{"line":9,"column":0},"end":{"line":9,"column":2}},"9":{"start":{"line":10,"column":0},"end":{"line":10,"column":0}},"10":{"start":{"line":11,"column":0},"end":{"line":11,"column":16}},"11":{"start":{"line":12,"column":0},"end":{"line":12,"column":6}},"12":{"start":{"line":13,"column":0},"end":{"line":13,"column":6}},"13":{"start":{"line":14,"column":0},"end":{"line":14,"column":2}}},"s":{"0":1,"1":1,"2":1,"3":1,"4":1,"5":1,"6":1,"7":1,"8":1,"9":1,"10":1,"11":1,"12":1,"13":1},"branchMap":{"0":{"type":"branch","line":3,"loc":{"start":{"line":3,"column":12},"end":{"line":5,"column":2}},"locations":[{"start":{"line":3,"column":12},"end":{"line":5,"column":2}}]},"1":{"type":"branch","line":7,"loc":{"start":{"line":7,"column":12},"end":{"line":9,"column":2}},"locations":[{"start":{"line":7,"column":12},"end":{"line":9,"column":2}}]}},"b":{"0":[1],"1":[1]},"fnMap":{"0":{"name":"set","decl":{"start":{"line":3,"column":12},"end":{"line":5,"column":2}},"loc":{"start":{"line":3,"column":12},"end":{"line":5,"column":2}},"line":3},"1":{"name":"get","decl":{"start":{"line":7,"column":12},"end":{"line":9,"column":2}},"loc":{"start":{"line":7,"column":12},"end":{"line":9,"column":2}},"line":7}},"f":{"0":1,"1":1}}
,"/Users/gongzhen/code/me/jest-example/src/example-01/sum.ts": {"path":"/Users/gongzhen/code/me/jest-example/src/example-01/sum.ts","all":false,"statementMap":{"0":{"start":{"line":1,"column":0},"end":{"line":1,"column":39}},"1":{"start":{"line":2,"column":0},"end":{"line":2,"column":15}},"2":{"start":{"line":3,"column":0},"end":{"line":3,"column":2}},"3":{"start":{"line":4,"column":0},"end":{"line":4,"column":0}},"4":{"start":{"line":5,"column":0},"end":{"line":5,"column":18}}},"s":{"0":1,"1":1,"2":1,"3":1,"4":1},"branchMap":{"0":{"type":"branch","line":1,"loc":{"start":{"line":1,"column":12},"end":{"line":3,"column":2}},"locations":[{"start":{"line":1,"column":12},"end":{"line":3,"column":2}}]}},"b":{"0":[1]},"fnMap":{"0":{"name":"sum","decl":{"start":{"line":1,"column":12},"end":{"line":3,"column":2}},"loc":{"start":{"line":1,"column":12},"end":{"line":3,"column":2}},"line":1}},"f":{"0":1}}
}
